/root/pub_finance/finance/dashreport/app.py:3: UserWarning: 
The dash_core_components package is deprecated. Please replace
`import dash_core_components as dcc` with `from dash import dcc`
  import dash_core_components as dcc
/root/pub_finance/finance/dashreport/app.py:4: UserWarning: 
The dash_html_components package is deprecated. Please replace
`import dash_html_components as html` with `from dash import html`
  import dash_html_components as html
Traceback (most recent call last):
  File "/root/pub_finance/finance/dashreport/dash_wsgi.py", line 2, in <module>
    from app import app
  File "/root/pub_finance/finance/dashreport/app.py", line 6, in <module>
    from dashreport.pages import cnstock_performance, news_reviews, usstock_performance
ModuleNotFoundError: No module named 'dashreport'
/root/pub_finance/finance/dashreport/app.py:3: UserWarning: 
The dash_core_components package is deprecated. Please replace
`import dash_core_components as dcc` with `from dash import dcc`
  import dash_core_components as dcc
/root/pub_finance/finance/dashreport/app.py:4: UserWarning: 
The dash_html_components package is deprecated. Please replace
`import dash_html_components as html` with `from dash import html`
  import dash_html_components as html
/root/pub_finance/finance/dashreport/utils.py:4: UserWarning: 
The dash_table package is deprecated. Please replace
`import dash_table` with `from dash import dash_table`

Also, if you're using any of the table format helpers (e.g. Group), replace 
`from dash_table.Format import Group` with 
`from dash.dash_table.Format import Group`
  import dash_table
